This is XeTeX, Version 3.141592653-2.6-0.999997 (MiKTeX 25.4) (preloaded format=xelatex 2025.6.16)  14 NOV 2025 20:45
entering extended mode
 restricted \write18 enabled.
 %&-line parsing enabled.
**./munics-doc.tex
(munics-doc.tex
LaTeX2e <2025-06-01>
L3 programming layer <2025-05-26>

(C:\Users\brais\AppData\Local\Programs\MiKTeX\tex/latex/ltxdockit\ltxdockit.cls
Document Class: ltxdockit 2011/03/25 v1.2d LaTeX documentation kit

(C:\Users\brais\AppData\Local\Programs\MiKTeX\tex/latex/ltxdockit\ltxdockit.def
File: ltxdockit.def 2011/03/25 v1.2d ltxdockit pre-configuration (DFSG-free)
(C:\Users\brais\AppData\Local\Programs\MiKTeX\tex/latex/etoolbox\etoolbox.sty
Package: etoolbox 2025/02/11 v2.5l e-TeX tools for LaTeX (JAW)
\etb@tempcnta=\count271
)
(C:\Users\brais\AppData\Local\Programs\MiKTeX\tex/latex/koma-script\scrartcl.cl
s
Document Class: scrartcl 2025/06/04 v3.45 KOMA-Script document class (article)

(C:\Users\brais\AppData\Local\Programs\MiKTeX\tex/latex/koma-script\scrkbase.st
y
Package: scrkbase 2025/06/04 v3.45 KOMA-Script package (KOMA-Script-dependent b
asics and keyval usage)

(C:\Users\brais\AppData\Local\Programs\MiKTeX\tex/latex/koma-script\scrbase.sty
Package: scrbase 2025/06/04 v3.45 KOMA-Script package (KOMA-Script-independent 
basics and keyval usage)

(C:\Users\brais\AppData\Local\Programs\MiKTeX\tex/latex/koma-script\scrlfile.st
y
Package: scrlfile 2025/06/04 v3.45 KOMA-Script package (file load hooks)

(C:\Users\brais\AppData\Local\Programs\MiKTeX\tex/latex/koma-script\scrlfile-ho
ok.sty
Package: scrlfile-hook 2025/06/04 v3.45 KOMA-Script package (using LaTeX hooks)


(C:\Users\brais\AppData\Local\Programs\MiKTeX\tex/latex/koma-script\scrlogo.sty
Package: scrlogo 2025/06/04 v3.45 KOMA-Script package (logo)
))) (C:\Users\brais\AppData\Local\Programs\MiKTeX\tex/latex/graphics\keyval.sty
Package: keyval 2022/05/29 v1.15 key=value parser (DPC)
\KV@toks@=\toks17
)
Applying: [2021/05/01] Usage of raw or classic option list on input line 254.
Already applied: [0000/00/00] Usage of raw or classic option list on input line
 370.
))
(C:\Users\brais\AppData\Local\Programs\MiKTeX\tex/latex/koma-script\tocbasic.st
y
Package: tocbasic 2025/06/04 v3.45 KOMA-Script package (handling toc-files)
\scr@dte@tocline@numberwidth=\skip49
\scr@dte@tocline@numbox=\box53
)
Package tocbasic Info: omitting babel extension for `toc'
(tocbasic)             because of feature `nobabel' available
(tocbasic)             for `toc' on input line 135.
Package scrartcl Info: You've used standard option `11pt'.
(scrartcl)             This is correct!
(scrartcl)             Internally I'm using `fontsize=11pt'.
(scrartcl)             If you'd like to set the option with \KOMAoptions,
(scrartcl)             you'd have to use `fontsize=11pt' there
(scrartcl)             instead of `11pt', too.
Class scrartcl Info: File `scrsize11pt.clo' used to setup font sizes on input l
ine 2476.

(C:\Users\brais\AppData\Local\Programs\MiKTeX\tex/latex/koma-script\scrsize11pt
.clo
File: scrsize11pt.clo 2025/06/04 v3.45 KOMA-Script font size class option (11pt
)
)
(C:\Users\brais\AppData\Local\Programs\MiKTeX\tex/latex/koma-script\typearea.st
y
Package: typearea 2025/06/04 v3.45 KOMA-Script package (type area)
\ta@bcor=\skip50
\ta@div=\count272


Package typearea Warning: You've used deprecated option `DIV9'.
(typearea)                Usage of this option indicates an old document
(typearea)                and changes compatibility level using
(typearea)                `DIV=9,version=first,
(typearea)                enabledeprecatedfontcommands' that may result
(typearea)                in further warnings.
(typearea)                If you don't want this, you should simply
(typearea)                replace option `DIV9' by `DIV=9'.

Package typearea Info: Switching compatibility level to `first'.
\ta@hblk=\skip51
\ta@vblk=\skip52
\ta@temp=\skip53
\footheight=\skip54
Package typearea Info: These are the values describing the layout:
(typearea)             DIV  = 9
(typearea)             BCOR = 0.0pt
(typearea)             \paperwidth      = 597.50793pt
(typearea)              \textwidth      = 398.33862pt
(typearea)              DIV departure   = -1%
(typearea)              \evensidemargin = 27.31467pt
(typearea)              \oddsidemargin  = 27.31467pt
(typearea)             \paperheight     = 845.04694pt
(typearea)              \textheight     = 568.60025pt
(typearea)              \topmargin      = -15.7759pt
(typearea)              \headheight     = 17.0pt
(typearea)              \headsep        = 20.40001pt
(typearea)              \topskip        = 11.0pt
(typearea)              \footskip       = 47.6pt
(typearea)              \baselineskip   = 13.6pt
(typearea)              on input line 1804.
)
\c@part=\count273
\c@section=\count274
\c@subsection=\count275
\c@subsubsection=\count276
\c@paragraph=\count277
\c@subparagraph=\count278
\scr@dte@section@maxnumwidth=\skip55
Class scrartcl Info: using compatibility default `runin=bysign'
(scrartcl)           for `\section on input line 5149.
Class scrartcl Info: using compatibility default `afterindent=bysign'
(scrartcl)           for `\section on input line 5149.
\scr@dte@part@maxnumwidth=\skip56
Class scrartcl Info: using compatibility default `afterindent=false'
(scrartcl)           for `\part on input line 5157.
\scr@dte@subsection@maxnumwidth=\skip57
Class scrartcl Info: using compatibility default `runin=bysign'
(scrartcl)           for `\subsection on input line 5167.
Class scrartcl Info: using compatibility default `afterindent=bysign'
(scrartcl)           for `\subsection on input line 5167.
\scr@dte@subsubsection@maxnumwidth=\skip58
Class scrartcl Info: using compatibility default `runin=bysign'
(scrartcl)           for `\subsubsection on input line 5177.
Class scrartcl Info: using compatibility default `afterindent=bysign'
(scrartcl)           for `\subsubsection on input line 5177.
\scr@dte@paragraph@maxnumwidth=\skip59
Class scrartcl Info: using compatibility default `runin=bysign'
(scrartcl)           for `\paragraph on input line 5188.
Class scrartcl Info: using compatibility default `afterindent=bysign'
(scrartcl)           for `\paragraph on input line 5188.
\scr@dte@subparagraph@maxnumwidth=\skip60
Class scrartcl Info: using compatibility default `runin=bysign'
(scrartcl)           for `\subparagraph on input line 5198.
Class scrartcl Info: using compatibility default `afterindent=bysign'
(scrartcl)           for `\subparagraph on input line 5198.
\abovecaptionskip=\skip61
\belowcaptionskip=\skip62
\c@pti@nb@sid@b@x=\box54
Package tocbasic Info: omitting babel extension for `lof'
(tocbasic)             because of feature `nobabel' available
(tocbasic)             for `lof' on input line 6394.
\scr@dte@figure@maxnumwidth=\skip63
\c@figure=\count279
Package tocbasic Info: omitting babel extension for `lot'
(tocbasic)             because of feature `nobabel' available
(tocbasic)             for `lot' on input line 6410.
\scr@dte@table@maxnumwidth=\skip64
\c@table=\count280
Class scrartcl Info: Redefining `\numberline' on input line 6580.
\bibindent=\dimen148
)) (C:\Users\brais\AppData\Local\Programs\MiKTeX\tex/latex/tools\multicol.sty
Package: multicol 2025/05/25 v2.0a multicolumn formatting (FMi)
\c@tracingmulticols=\count281
\mult@box=\box55
\multicol@leftmargin=\dimen149
\c@unbalance=\count282
\c@collectmore=\count283
\doublecol@number=\count284
\multicoltolerance=\count285
\multicolpretolerance=\count286
\full@width=\dimen150
\page@free=\dimen151
\premulticols=\dimen152
\postmulticols=\dimen153
\multicolsep=\skip65
\multicolbaselineskip=\skip66
\partial@page=\box56
\last@line=\box57
\mc@boxedresult=\box58
\maxbalancingoverflow=\dimen154
\mult@rightbox=\box59
\mult@grightbox=\box60
\mult@firstbox=\box61
\mult@gfirstbox=\box62
\@tempa=\box63
\@tempa=\box64
\@tempa=\box65
\@tempa=\box66
\@tempa=\box67
\@tempa=\box68
\@tempa=\box69
\@tempa=\box70
\@tempa=\box71
\@tempa=\box72
\@tempa=\box73
\@tempa=\box74
\@tempa=\box75
\@tempa=\box76
\@tempa=\box77
\@tempa=\box78
\@tempa=\box79
\@tempa=\box80
\@tempa=\box81
\@tempa=\box82
\@tempa=\box83
\@tempa=\box84
\@tempa=\box85
\@tempa=\box86
\@tempa=\box87
\@tempa=\box88
\@tempa=\box89
\@tempa=\box90
\@tempa=\box91
\@tempa=\box92
\@tempa=\box93
\@tempa=\box94
\@tempa=\box95
\@tempa=\box96
\@tempa=\box97
\@tempa=\box98
\c@minrows=\count287
\c@columnbadness=\count288
\c@finalcolumnbadness=\count289
\last@try=\dimen155
\multicolovershoot=\dimen156
\multicolundershoot=\dimen157
\mult@nat@firstbox=\box99
\colbreak@box=\box100
\mc@col@check@num=\count290
\g__mc_curr_col_int=\count291
) (C:\Users\brais\AppData\Local\Programs\MiKTeX\tex/latex/base\fontenc.sty
Package: fontenc 2024/12/21 v2.1c Standard LaTeX package
LaTeX Font Info:    Trying to load font information for T1+lmr on input line 11
6.

(C:\Users\brais\AppData\Local\Programs\MiKTeX\tex/latex/lm\t1lmr.fd
File: t1lmr.fd 2015/05/01 v1.6.1 Font defs for Latin Modern
))
(C:\Users\brais\AppData\Local\Programs\MiKTeX\tex/latex/base\textcomp.sty
Package: textcomp 2024/04/24 v2.1b Standard LaTeX package
)
(C:\Users\brais\AppData\Local\Programs\MiKTeX\tex/latex/ltxdockit\ltxdockit.sty
Package: ltxdockit 2011/03/25 v1.2d LaTeX documentation kit
(C:\Users\brais\AppData\Local\Programs\MiKTeX\tex/latex/listings\listings.sty
\lst@mode=\count292
\lst@gtempboxa=\box101
\lst@token=\toks18
\lst@length=\count293
\lst@currlwidth=\dimen158
\lst@column=\count294
\lst@pos=\count295
\lst@lostspace=\dimen159
\lst@width=\dimen160
\lst@newlines=\count296
\lst@lineno=\count297
\lst@maxwidth=\dimen161

(C:\Users\brais\AppData\Local\Programs\MiKTeX\tex/latex/listings\lstpatch.sty
File: lstpatch.sty 2024/09/23 1.10c (Carsten Heinz)
)
(C:\Users\brais\AppData\Local\Programs\MiKTeX\tex/latex/listings\lstmisc.sty
File: lstmisc.sty 2024/09/23 1.10c (Carsten Heinz)
\c@lstnumber=\count298
\lst@skipnumbers=\count299
\lst@framebox=\box102
)
(C:\Users\brais\AppData\Local\Programs\MiKTeX\tex/latex/listings\listings.cfg
File: listings.cfg 2024/09/23 1.10c listings configuration
))
Package: listings 2024/09/23 1.10c (Carsten Heinz)
(C:\Users\brais\AppData\Local\Programs\MiKTeX\tex/latex/graphics\color.sty
Package: color 2025/01/14 v1.3e Standard LaTeX Color (DPC)

(C:\Users\brais\AppData\Local\Programs\MiKTeX\tex/latex/graphics-cfg\color.cfg
File: color.cfg 2016/01/02 v1.6 sample color configuration
)
Package color Info: Driver file: xetex.def on input line 149.
(C:\Users\brais\AppData\Local\Programs\MiKTeX\tex/latex/graphics-def\xetex.def
File: xetex.def 2022/09/22 v5.0n Graphics/color driver for xetex
) (C:\Users\brais\AppData\Local\Programs\MiKTeX\tex/latex/graphics\mathcolor.lt
x)) (C:\Users\brais\AppData\Local\Programs\MiKTeX\tex/latex/tools\xspace.sty
Package: xspace 2014/10/28 v1.13 Space after command names (DPC,MH)
)
(C:\Users\brais\AppData\Local\Programs\MiKTeX\tex/generic/iftex\ifpdf.sty
Package: ifpdf 2019/10/25 v3.4 ifpdf legacy package. Use iftex instead.

(C:\Users\brais\AppData\Local\Programs\MiKTeX\tex/generic/iftex\iftex.sty
Package: iftex 2024/12/12 v1.0g TeX engine tests
))
(C:\Users\brais\AppData\Local\Programs\MiKTeX\tex/latex/hyperref\hyperref.sty
Package: hyperref 2025-05-20 v7.01m Hypertext links for LaTeX

(C:\Users\brais\AppData\Local\Programs\MiKTeX\tex/latex/kvsetkeys\kvsetkeys.sty
Package: kvsetkeys 2022-10-05 v1.19 Key value parser (HO)
)
(C:\Users\brais\AppData\Local\Programs\MiKTeX\tex/generic/kvdefinekeys\kvdefine
keys.sty
Package: kvdefinekeys 2019-12-19 v1.6 Define keys (HO)
)
(C:\Users\brais\AppData\Local\Programs\MiKTeX\tex/generic/pdfescape\pdfescape.s
ty
Package: pdfescape 2019/12/09 v1.15 Implements pdfTeX's escape features (HO)

(C:\Users\brais\AppData\Local\Programs\MiKTeX\tex/generic/ltxcmds\ltxcmds.sty
Package: ltxcmds 2023-12-04 v1.26 LaTeX kernel commands for general use (HO)
)
(C:\Users\brais\AppData\Local\Programs\MiKTeX\tex/generic/pdftexcmds\pdftexcmds
.sty
Package: pdftexcmds 2020-06-27 v0.33 Utility functions of pdfTeX for LuaTeX (HO
)

(C:\Users\brais\AppData\Local\Programs\MiKTeX\tex/generic/infwarerr\infwarerr.s
ty
Package: infwarerr 2019/12/03 v1.5 Providing info/warning/error messages (HO)
)
Package pdftexcmds Info: \pdf@primitive is available.
Package pdftexcmds Info: \pdf@ifprimitive is available.
Package pdftexcmds Info: \pdfdraftmode not found.
))
(C:\Users\brais\AppData\Local\Programs\MiKTeX\tex/latex/hycolor\hycolor.sty
Package: hycolor 2020-01-27 v1.10 Color options for hyperref/bookmark (HO)
)
(C:\Users\brais\AppData\Local\Programs\MiKTeX\tex/latex/hyperref\nameref.sty
Package: nameref 2023-11-26 v2.56 Cross-referencing by name of section

(C:\Users\brais\AppData\Local\Programs\MiKTeX\tex/latex/refcount\refcount.sty
Package: refcount 2019/12/15 v3.6 Data extraction from label references (HO)
)
(C:\Users\brais\AppData\Local\Programs\MiKTeX\tex/generic/gettitlestring\gettit
lestring.sty
Package: gettitlestring 2019/12/15 v1.6 Cleanup title references (HO)

(C:\Users\brais\AppData\Local\Programs\MiKTeX\tex/latex/kvoptions\kvoptions.sty
Package: kvoptions 2022-06-15 v3.15 Key value format for package options (HO)
))
\c@section@level=\count300
)
(C:\Users\brais\AppData\Local\Programs\MiKTeX\tex/generic/stringenc\stringenc.s
ty
Package: stringenc 2019/11/29 v1.12 Convert strings between diff. encodings (HO
)
)
\@linkdim=\dimen162
\Hy@linkcounter=\count301
\Hy@pagecounter=\count302
 (C:\Users\brais\AppData\Local\Programs\MiKTeX\tex/latex/hyperref\pd1enc.def
File: pd1enc.def 2025-05-20 v7.01m Hyperref: PDFDocEncoding definition (HO)
) (C:\Users\brais\AppData\Local\Programs\MiKTeX\tex/generic/intcalc\intcalc.sty
Package: intcalc 2019/12/15 v1.3 Expandable calculations with integers (HO)
)
\Hy@SavedSpaceFactor=\count303
 (C:\Users\brais\AppData\Local\Programs\MiKTeX\tex/latex/hyperref\puenc.def
File: puenc.def 2025-05-20 v7.01m Hyperref: PDF Unicode definition (HO)
)
Package hyperref Info: Hyper figures OFF on input line 4157.
Package hyperref Info: Link nesting OFF on input line 4162.
Package hyperref Info: Hyper index ON on input line 4165.
Package hyperref Info: Plain pages OFF on input line 4172.
Package hyperref Info: Backreferencing OFF on input line 4177.
Package hyperref Info: Implicit mode ON; LaTeX internals redefined.
Package hyperref Info: Bookmarks ON on input line 4424.
\c@Hy@tempcnt=\count304

(C:\Users\brais\AppData\Local\Programs\MiKTeX\tex/latex/url\url.sty
\Urlmuskip=\muskip17
Package: url 2013/09/16  ver 3.4  Verb mode for urls, etc.
)
LaTeX Info: Redefining \url on input line 4763.
\XeTeXLinkMargin=\dimen163

(C:\Users\brais\AppData\Local\Programs\MiKTeX\tex/generic/bitset\bitset.sty
Package: bitset 2019/12/09 v1.3 Handle bit-vector datatype (HO)

(C:\Users\brais\AppData\Local\Programs\MiKTeX\tex/generic/bigintcalc\bigintcalc
.sty
Package: bigintcalc 2019/12/15 v1.5 Expandable calculations on big integers (HO
)
))
\Fld@menulength=\count305
\Field@Width=\dimen164
\Fld@charsize=\dimen165
Package hyperref Info: Hyper figures OFF on input line 6042.
Package hyperref Info: Link nesting OFF on input line 6047.
Package hyperref Info: Hyper index ON on input line 6050.
Package hyperref Info: backreferencing OFF on input line 6057.
Package hyperref Info: Link coloring OFF on input line 6062.
Package hyperref Info: Link coloring with OCG OFF on input line 6067.
Package hyperref Info: PDF/A mode OFF on input line 6072.

(C:\Users\brais\AppData\Local\Programs\MiKTeX\tex/latex/base\atbegshi-ltx.sty
Package: atbegshi-ltx 2021/01/10 v1.0c Emulation of the original atbegshi
package with kernel methods
)
\Hy@abspage=\count306
\c@Item=\count307
\c@Hfootnote=\count308
)
Package hyperref Info: Driver (autodetected): hxetex.
(C:\Users\brais\AppData\Local\Programs\MiKTeX\tex/latex/hyperref\hxetex.def
File: hxetex.def 2025-05-20 v7.01m Hyperref driver for XeTeX
\pdfm@box=\box103
\c@Hy@AnnotLevel=\count309
\HyField@AnnotCount=\count310
\Fld@listcount=\count311
\c@bookmark@seq@number=\count312

(C:\Users\brais\AppData\Local\Programs\MiKTeX\tex/latex/rerunfilecheck\rerunfil
echeck.sty
Package: rerunfilecheck 2022-07-10 v1.10 Rerun checks for auxiliary files (HO)

(C:\Users\brais\AppData\Local\Programs\MiKTeX\tex/latex/base\atveryend-ltx.sty
Package: atveryend-ltx 2020/08/19 v1.0a Emulation of the original atveryend pac
kage
with kernel methods
)
(C:\Users\brais\AppData\Local\Programs\MiKTeX\tex/generic/uniquecounter\uniquec
ounter.sty
Package: uniquecounter 2019/12/15 v1.4 Provide unlimited unique counter (HO)
)
Package uniquecounter Info: New unique counter `rerunfilecheck' on input line 2
85.
)
\Hy@SectionHShift=\skip67
)
\ltd@tempcnta=\count313
\ltd@tempdima=\skip68
\marglistwidth=\skip69
\marglistsep=\skip70
\lstenvsep=\skip71
)
(C:\Users\brais\AppData\Local\Programs\MiKTeX\tex/latex/hypcap\hypcap.sty
Package: hypcap 2024-07-26 v1.13 Adjusting the anchors of captions (HO)

(C:\Users\brais\AppData\Local\Programs\MiKTeX\tex/latex/letltxmacro\letltxmacro
.sty
Package: letltxmacro 2019/12/03 v1.6 Let assignment for LaTeX macros (HO)
))
Package hyperref Info: Option `colorlinks' set `true' on input line 53.


Package hyperref Warning: Option `bookmarks' has already been used,
(hyperref)                setting the option has no effect on input line 53.

Package hyperref Info: Option `bookmarksopen' set `false' on input line 53.
Package hyperref Info: Option `bookmarksnumbered' set `false' on input line 53.


Package hyperref Warning: Option `hyperfootnotes' has already been used,
(hyperref)                setting the option has no effect on input line 53.

Package hyperref Info: Option `plainpages' set `false' on input line 53.

Package hyperref Warning: Option `pdfpagelabels' has already been used,
(hyperref)                setting the option has no effect on input line 53.


(C:\Users\brais\AppData\Local\Programs\MiKTeX\tex/latex/ltxdockit\ltxdockit.cfg
File: ltxdockit.cfg 2011/03/25 v1.2d ltxdockit configuration (DFSG-free)
(C:\Users\brais\AppData\Local\Programs\MiKTeX\tex/latex/base\fontenc.sty
Package: fontenc 2024/12/21 v2.1c Standard LaTeX package
)
(C:\Users\brais\AppData\Local\Programs\MiKTeX\tex/latex/lm\lmodern.sty
Package: lmodern 2015/05/01 v1.6.1 Latin Modern Fonts
LaTeX Font Info:    Overwriting symbol font `operators' in version `normal'
(Font)                  OT1/cmr/m/n --> OT1/lmr/m/n on input line 22.
LaTeX Font Info:    Overwriting symbol font `letters' in version `normal'
(Font)                  OML/cmm/m/it --> OML/lmm/m/it on input line 23.
LaTeX Font Info:    Overwriting symbol font `symbols' in version `normal'
(Font)                  OMS/cmsy/m/n --> OMS/lmsy/m/n on input line 24.
LaTeX Font Info:    Overwriting symbol font `largesymbols' in version `normal'
(Font)                  OMX/cmex/m/n --> OMX/lmex/m/n on input line 25.
LaTeX Font Info:    Overwriting symbol font `operators' in version `bold'
(Font)                  OT1/cmr/bx/n --> OT1/lmr/bx/n on input line 26.
LaTeX Font Info:    Overwriting symbol font `letters' in version `bold'
(Font)                  OML/cmm/b/it --> OML/lmm/b/it on input line 27.
LaTeX Font Info:    Overwriting symbol font `symbols' in version `bold'
(Font)                  OMS/cmsy/b/n --> OMS/lmsy/b/n on input line 28.
LaTeX Font Info:    Overwriting symbol font `largesymbols' in version `bold'
(Font)                  OMX/cmex/m/n --> OMX/lmex/m/n on input line 29.
LaTeX Font Info:    Overwriting math alphabet `\mathbf' in version `normal'
(Font)                  OT1/cmr/bx/n --> OT1/lmr/bx/n on input line 31.
LaTeX Font Info:    Overwriting math alphabet `\mathsf' in version `normal'
(Font)                  OT1/cmss/m/n --> OT1/lmss/m/n on input line 32.
LaTeX Font Info:    Overwriting math alphabet `\mathit' in version `normal'
(Font)                  OT1/cmr/m/it --> OT1/lmr/m/it on input line 33.
LaTeX Font Info:    Overwriting math alphabet `\mathtt' in version `normal'
(Font)                  OT1/cmtt/m/n --> OT1/lmtt/m/n on input line 34.
LaTeX Font Info:    Overwriting math alphabet `\mathbf' in version `bold'
(Font)                  OT1/cmr/bx/n --> OT1/lmr/bx/n on input line 35.
LaTeX Font Info:    Overwriting math alphabet `\mathsf' in version `bold'
(Font)                  OT1/cmss/bx/n --> OT1/lmss/bx/n on input line 36.
LaTeX Font Info:    Overwriting math alphabet `\mathit' in version `bold'
(Font)                  OT1/cmr/bx/it --> OT1/lmr/bx/it on input line 37.
LaTeX Font Info:    Overwriting math alphabet `\mathtt' in version `bold'
(Font)                  OT1/cmtt/m/n --> OT1/lmtt/m/n on input line 38.
)
(C:\Users\brais\AppData\Local\Programs\MiKTeX\tex/latex/psnfss\helvet.sty
Package: helvet 2020/03/25 PSNFSS-v9.3 (WaS) 
)
(C:\Users\brais\AppData\Local\Programs\MiKTeX\tex/latex/psnfss\charter.sty
Package: charter 2020/03/25 PSNFSS-v9.3 (P.Dyballa) 
)))
(C:\Users\brais\AppData\Local\Programs\MiKTeX\tex/latex/ltxdockit\btxdockit.sty
Package: btxdockit 2011/03/25 v1.2d BibTeX documentation kit
) (C:\Users\brais\AppData\Local\Programs\MiKTeX\tex/latex/base\inputenc.sty
Package: inputenc 2024/02/08 v1.3d Input encoding file
\inpenc@prehook=\toks19
\inpenc@posthook=\toks20


Package inputenc Warning: inputenc package ignored with utf8 based engines.

) (C:\Users\brais\AppData\Local\Programs\MiKTeX\tex/generic/babel\babel.sty
Package: babel 2025/05/14 v25.9 The multilingual framework for pdfLaTeX, LuaLaT
eX and XeLaTeX
\babel@savecnt=\count314
LaTeX Encoding Info:    Redeclaring text command \ij (encoding OT1) on input li
ne 2043.
LaTeX Encoding Info:    Redeclaring text command \IJ (encoding OT1) on input li
ne 2045.
LaTeX Encoding Info:    Redeclaring text command \ij (encoding T1) on input lin
e 2047.
LaTeX Encoding Info:    Redeclaring text command \IJ (encoding T1) on input lin
e 2048.
LaTeX Encoding Info:    Ignoring declaration for text command \ij (encoding ?) 
on input line 2049.
LaTeX Encoding Info:    Ignoring declaration for text command \IJ (encoding ?) 
on input line 2051.
LaTeX Encoding Info:    Ignoring declaration for text command \SS (encoding ?) 
on input line 2076.
\U@D=\dimen166
\l@unhyphenated=\language79

(C:\Users\brais\AppData\Local\Programs\MiKTeX\tex/generic/babel\xebabel.def)
\bbl@readstream=\read2
\bbl@dirlevel=\count315

*************************************
* Local config file bblopts.cfg used
*
(C:\Users\brais\AppData\Local\Programs\MiKTeX\tex/latex/arabi\bblopts.cfg
File: bblopts.cfg 2005/09/08 v0.1 add Arabic and Farsi to "declared" options of
 babel
)
(C:\Users\brais\AppData\Local\Programs\MiKTeX\tex/latex/babel-spanish\spanish.l
df
Language: spanish.ldf 2021/05/27 v5.0q Spanish support from the babel system

(C:\Users\brais\AppData\Local\Programs\MiKTeX\tex/generic/babel/locale/es\babel
-spanish.tex
Package babel Info: Importing font and identification data for spanish
(babel)             from babel-es.ini. Reported on input line 11.
)
\es@quottoks=\toks21
\es@quotdepth=\count316
Package babel Info: Making " an active character on input line 570.
Package babel Info: Making . an active character on input line 675.
Package babel Info: Making < an active character on input line 722.
Package babel Info: Making > an active character on input line 722.
))
LaTeX Encoding Info:    Redeclaring text command \guillemotleft (encoding OT1) 
on input line 5.
LaTeX Encoding Info:    Redeclaring text command \guillemotright (encoding OT1)
 on input line 5.

(C:\Users\brais\AppData\Local\Programs\MiKTeX\tex/latex/csquotes\csquotes.sty
Package: csquotes 2024-04-04 v5.2o context-sensitive quotations (JAW)
\csq@reset=\count317
\csq@gtype=\count318
\csq@glevel=\count319
\csq@qlevel=\count320
\csq@maxlvl=\count321
\csq@tshold=\count322
\csq@ltx@everypar=\toks22

(C:\Users\brais\AppData\Local\Programs\MiKTeX\tex/latex/csquotes\csquotes.def
File: csquotes.def 2024-04-04 v5.2o csquotes generic definitions (JAW)
)
Package csquotes Info: Trying to load configuration file 'csquotes.cfg'...
Package csquotes Info: ... configuration file loaded successfully.

(C:\Users\brais\AppData\Local\Programs\MiKTeX\tex/latex/csquotes\csquotes.cfg
File: csquotes.cfg 
)
Package csquotes Info: Enabling strict warnings.
) (C:\Users\brais\AppData\Local\Programs\MiKTeX\tex/latex/tools\tabularx.sty
Package: tabularx 2023/12/11 v2.12a `tabularx' package (DPC)

(C:\Users\brais\AppData\Local\Programs\MiKTeX\tex/latex/tools\array.sty
Package: array 2025/05/19 v2.6i Tabular extension package (FMi)
\col@sep=\dimen167
\ar@mcellbox=\box104
\extrarowheight=\dimen168
\NC@list=\toks23
\extratabsurround=\skip72
\backup@length=\skip73
\ar@cellbox=\box105
)
\TX@col@width=\dimen169
\TX@old@table=\dimen170
\TX@old@col=\dimen171
\TX@target=\dimen172
\TX@delta=\dimen173
\TX@cols=\count323
\TX@ftn=\toks24
)
(C:\Users\brais\AppData\Local\Programs\MiKTeX\tex/latex/tools\longtable.sty
Package: longtable 2024-12-18 v4.23 Multi-page Table package (DPC)
\LTleft=\skip74
\LTright=\skip75
\LTpre=\skip76
\LTpost=\skip77
\LTchunksize=\count324
\LTcapwidth=\dimen174
\LT@head=\box106
\LT@firsthead=\box107
\LT@foot=\box108
\LT@lastfoot=\box109
\LT@gbox=\box110
\LT@cols=\count325
\LT@rows=\count326
\c@LT@tables=\count327
\c@LT@chunks=\count328
\LT@p@ftn=\toks25
)
Class scrartcl Info: longtable captions redefined on input line 8.

(C:\Users\brais\AppData\Local\Programs\MiKTeX\tex/latex/booktabs\booktabs.sty
Package: booktabs 2020/01/12 v1.61803398 Publication quality tables
\heavyrulewidth=\dimen175
\lightrulewidth=\dimen176
\cmidrulewidth=\dimen177
\belowrulesep=\dimen178
\belowbottomsep=\dimen179
\aboverulesep=\dimen180
\abovetopsep=\dimen181
\cmidrulesep=\dimen182
\cmidrulekern=\dimen183
\defaultaddspace=\dimen184
\@cmidla=\count329
\@cmidlb=\count330
\@aboverulesep=\dimen185
\@belowrulesep=\dimen186
\@thisruleclass=\count331
\@lastruleclass=\count332
\@thisrulewidth=\dimen187
)
(C:\Users\brais\AppData\Local\Programs\MiKTeX\tex/latex/base\shortvrb.sty
Package: shortvrb 2024/12/25 v3.0q Standard LaTeX documentation package V3 (FMi
)
)
(C:\Users\brais\AppData\Local\Programs\MiKTeX\tex/latex/psnfss\pifont.sty
Package: pifont 2020/03/25 PSNFSS-v9.3 Pi font support (SPQR) 
LaTeX Font Info:    Trying to load font information for U+pzd on input line 63.


(C:\Users\brais\AppData\Local\Programs\MiKTeX\tex/latex/psnfss\upzd.fd
File: upzd.fd 2001/06/04 font definitions for U/pzd.
)
LaTeX Font Info:    Trying to load font information for U+psy on input line 64.


(C:\Users\brais\AppData\Local\Programs\MiKTeX\tex/latex/psnfss\upsy.fd
File: upsy.fd 2001/06/04 font definitions for U/psy.
))
(C:\Users\brais\AppData\Local\Programs\MiKTeX\tex/latex/graphics\graphicx.sty
Package: graphicx 2024/12/31 v1.2e Enhanced LaTeX Graphics (DPC,SPQR)

(C:\Users\brais\AppData\Local\Programs\MiKTeX\tex/latex/graphics\graphics.sty
Package: graphics 2024/08/06 v1.4g Standard LaTeX Graphics (DPC,SPQR)

(C:\Users\brais\AppData\Local\Programs\MiKTeX\tex/latex/graphics\trig.sty
Package: trig 2023/12/02 v1.11 sin cos tan (DPC)
)
(C:\Users\brais\AppData\Local\Programs\MiKTeX\tex/latex/graphics-cfg\graphics.c
fg
File: graphics.cfg 2016/06/04 v1.11 sample graphics configuration
)
Package graphics Info: Driver file: xetex.def on input line 106.
)
\Gin@req@height=\dimen188
\Gin@req@width=\dimen189
) (C:\Users\brais\AppData\Local\Programs\MiKTeX\tex/latex/xcolor\xcolor.sty
Package: xcolor 2024/09/29 v3.02 LaTeX color extensions (UK)
(C:\Users\brais\AppData\Local\Programs\MiKTeX\tex/latex/graphics-cfg\color.cfg
File: color.cfg 2016/01/02 v1.6 sample color configuration
)
Package xcolor Info: Driver file: xetex.def on input line 274.
LaTeX Info: Redefining \color on input line 762.
(C:\Users\brais\AppData\Local\Programs\MiKTeX\tex/latex/graphics\mathcolor.ltx)
Package xcolor Info: Model `cmy' substituted by `cmy0' on input line 1349.
Package xcolor Info: Model `RGB' extended on input line 1365.
Package xcolor Info: Model `HTML' substituted by `rgb' on input line 1367.
Package xcolor Info: Model `Hsb' substituted by `hsb' on input line 1368.
Package xcolor Info: Model `tHsb' substituted by `hsb' on input line 1369.
Package xcolor Info: Model `HSB' substituted by `hsb' on input line 1370.
Package xcolor Info: Model `Gray' substituted by `gray' on input line 1371.
Package xcolor Info: Model `wave' substituted by `hsb' on input line 1372.
) (C:\Users\brais\AppData\Local\Programs\MiKTeX\tex/latex/float\float.sty
Package: float 2001/11/08 v1.3d Float enhancements (AL)
\c@float@type=\count333
\float@exts=\toks26
\float@box=\box111
\@float@everytoks=\toks27
\@floatcapt=\box112
)
(C:\Users\brais\AppData\Local\Programs\MiKTeX\tex/latex/listings\lstlang1.sty
File: lstlang1.sty 2024/09/23 1.10c listings language file
)
(C:\Users\brais\AppData\Local\Programs\MiKTeX\tex/latex/listings\lstlang1.sty
File: lstlang1.sty 2024/09/23 1.10c listings language file
)
Class scrartcl Info: loading recommended package `bookmark'.
(scrartcl)           Using `bookmark' together with `hyperref' is recommended,
(scrartcl)           because of handling of possible bookmark level gaps.
(scrartcl)           You can avoid loading `bookmark' with KOMA-Script option
(scrartcl)           `bookmarkpackage=false' before \begin{document} and
(scrartcl)           you can avoid this message adding:
(scrartcl)             \usepackage{bookmark}
(scrartcl)           before \begin{document} on input line 64.
Class scrartcl Info: temporary deactivation of babel-spanish quoting  on input 
line 64.

(C:\Users\brais\AppData\Local\Programs\MiKTeX\tex/latex/bookmark\bookmark.sty
Package: bookmark 2023-12-10 v1.31 PDF bookmarks (HO)

(C:\Users\brais\AppData\Local\Programs\MiKTeX\tex/latex/bookmark\bkm-dvipdfm.de
f
File: bkm-dvipdfm.def 2023-12-10 v1.31 bookmark driver for dvipdfm (HO)
\BKM@id=\count334
))
Class scrartcl Info: reactivation of babel-spanish quoting  on input line 64.
Package csquotes Info: Checking for multilingual support...
Package csquotes Info: ... found 'babel' package.
Package csquotes Info: Adjusting default style.
Package csquotes Info: Redefining alias 'default' -> 'spanish'.
LaTeX Font Info:    Trying to load font information for T1+bch on input line 64
.
 (C:\Users\brais\AppData\Local\Programs\MiKTeX\tex/latex/psnfss\t1bch.fd
File: t1bch.fd 2004/10/18 font definitions for T1/bch.
)
(C:\Users\brais\AppData\Local\Programs\MiKTeX\tex/latex/l3backend\l3backend-xet
ex.def
File: l3backend-xetex.def 2025-04-14 L3 backend support: XeTeX
\g__graphics_track_int=\count335
\g__pdfannot_backend_int=\count336
\g__pdfannot_backend_link_int=\count337
) (munics-doc.aux
LaTeX Info: Redefining \. on input line 12.
LaTeX Info: Redefining \% on input line 12.
Package babel Info: 'spanish' activates 'spanish' shorthands.
(babel)             Reported  on input line 12.


LaTeX Warning: Label `fig:fort_dtp_AL' multiply defined.


LaTeX Warning: Label `fig:fort_dtp_AL' multiply defined.

)
\openout1 = `munics-doc.aux'.

LaTeX Font Info:    Checking defaults for OML/cmm/m/it on input line 64.
LaTeX Font Info:    ... okay on input line 64.
LaTeX Font Info:    Checking defaults for OMS/cmsy/m/n on input line 64.
LaTeX Font Info:    ... okay on input line 64.
LaTeX Font Info:    Checking defaults for OT1/cmr/m/n on input line 64.
LaTeX Font Info:    ... okay on input line 64.
LaTeX Font Info:    Checking defaults for T1/cmr/m/n on input line 64.
LaTeX Font Info:    ... okay on input line 64.
LaTeX Font Info:    Checking defaults for TS1/cmr/m/n on input line 64.
LaTeX Font Info:    ... okay on input line 64.
LaTeX Font Info:    Checking defaults for TU/lmr/m/n on input line 64.
LaTeX Font Info:    ... okay on input line 64.
LaTeX Font Info:    Checking defaults for OMX/cmex/m/n on input line 64.
LaTeX Font Info:    ... okay on input line 64.
LaTeX Font Info:    Checking defaults for U/cmr/m/n on input line 64.
LaTeX Font Info:    ... okay on input line 64.
LaTeX Font Info:    Checking defaults for PD1/pdf/m/n on input line 64.
LaTeX Font Info:    ... okay on input line 64.
LaTeX Font Info:    Checking defaults for PU/pdf/m/n on input line 64.
LaTeX Font Info:    ... okay on input line 64.
\c@lstlisting=\count338
Package tocbasic Info: setting babel extension for `lol' on input line 64.
\scr@dte@lstlisting@maxnumwidth=\skip78
Package hyperref Info: Link coloring ON on input line 64.
LaTeX Info: Redefining \. on input line 64.
LaTeX Info: Redefining \% on input line 64.


Package hyperref Warning: Suppressing link with empty target on input line 66.


Package xcolor Warning: Incompatible color definition on input line 66.







LaTeX Font Info:    Trying to load font information for T1+phv on input line 67
.
(C:\Users\brais\AppData\Local\Programs\MiKTeX\tex/latex/psnfss\t1phv.fd
File: t1phv.fd 2020/03/25 scalable font definitions for T1/phv.
)
(munics-doc.toc
LaTeX Info: Redefining \. on input line 1.
LaTeX Info: Redefining \% on input line 1.
Package tocbasic Info: Using my definition of `\numberline' on input line 2.


Package xcolor Warning: Incompatible color definition on input line 2.

Package tocbasic Info: Using my definition of `\numberline' on input line 3.

Package xcolor Warning: Incompatible color definition on input line 3.

LaTeX Font Info:    Trying to load font information for OT1+lmr on input line 3
.
(C:\Users\brais\AppData\Local\Programs\MiKTeX\tex/latex/lm\ot1lmr.fd
File: ot1lmr.fd 2015/05/01 v1.6.1 Font defs for Latin Modern
)
LaTeX Font Info:    Trying to load font information for OML+lmm on input line 3
.

(C:\Users\brais\AppData\Local\Programs\MiKTeX\tex/latex/lm\omllmm.fd
File: omllmm.fd 2015/05/01 v1.6.1 Font defs for Latin Modern
)
LaTeX Font Info:    Trying to load font information for OMS+lmsy on input line 
3.

(C:\Users\brais\AppData\Local\Programs\MiKTeX\tex/latex/lm\omslmsy.fd
File: omslmsy.fd 2015/05/01 v1.6.1 Font defs for Latin Modern
)
LaTeX Font Info:    Trying to load font information for OMX+lmex on input line 
3.

(C:\Users\brais\AppData\Local\Programs\MiKTeX\tex/latex/lm\omxlmex.fd
File: omxlmex.fd 2015/05/01 v1.6.1 Font defs for Latin Modern
)
LaTeX Font Info:    External font `lmex10' loaded for size
(Font)              <10.95> on input line 3.
LaTeX Font Info:    External font `lmex10' loaded for size
(Font)              <8> on input line 3.
LaTeX Font Info:    External font `lmex10' loaded for size
(Font)              <6> on input line 3.
Package tocbasic Info: Using my definition of `\numberline' on input line 4.


Package xcolor Warning: Incompatible color definition on input line 4.

Package tocbasic Info: Using my definition of `\numberline' on input line 5.

Package xcolor Warning: Incompatible color definition on input line 5.

Package tocbasic Info: Using my definition of `\numberline' on input line 6.

Package xcolor Warning: Incompatible color definition on input line 6.

Package tocbasic Info: Using my definition of `\numberline' on input line 7.

Package xcolor Warning: Incompatible color definition on input line 7.

Package tocbasic Info: Using my definition of `\numberline' on input line 9.

Package xcolor Warning: Incompatible color definition on input line 9.

Package tocbasic Info: Using my definition of `\numberline' on input line 13.

Package xcolor Warning: Incompatible color definition on input line 13.

Package tocbasic Info: Using my definition of `\numberline' on input line 14.

Package xcolor Warning: Incompatible color definition on input line 14.

Package tocbasic Info: Using my definition of `\numberline' on input line 18.

Package xcolor Warning: Incompatible color definition on input line 18.

Package tocbasic Info: Using my definition of `\numberline' on input line 19.

Package xcolor Warning: Incompatible color definition on input line 19.

Package tocbasic Info: Using my definition of `\numberline' on input line 25.

Package xcolor Warning: Incompatible color definition on input line 25.

Package tocbasic Info: Using my definition of `\numberline' on input line 26.

Package xcolor Warning: Incompatible color definition on input line 26.

Package tocbasic Info: Using my definition of `\numberline' on input line 27.

Package xcolor Warning: Incompatible color definition on input line 27.

Package tocbasic Info: Using my definition of `\numberline' on input line 28.

Package xcolor Warning: Incompatible color definition on input line 28.

Package tocbasic Info: Using my definition of `\numberline' on input line 29.

Package xcolor Warning: Incompatible color definition on input line 29.

Package tocbasic Info: Using my definition of `\numberline' on input line 30.

Package xcolor Warning: Incompatible color definition on input line 30.

Package tocbasic Info: Using my definition of `\numberline' on input line 31.

Package xcolor Warning: Incompatible color definition on input line 31.

)
\tf@toc=\write3
\openout3 = `munics-doc.toc'.









[1

]
File: images/lab6/radius1.png Graphic file (type bmp)
<images/lab6/radius1.png>
File: images/lab6/radius2.png Graphic file (type bmp)
<images/lab6/radius2.png>
File: images/lab6/radius3.png Graphic file (type bmp)
<images/lab6/radius3.png>


[2]
File: images/lab6/radius4.png Graphic file (type bmp)
<images/lab6/radius4.png>
File: images/cracionradius.png Graphic file (type bmp)
<images/cracionradius.png>


[3]
File: images/aaa_comands.png Graphic file (type bmp)
<images/aaa_comands.png>
File: images/Usuarioslocales_clavesssh.png Graphic file (type bmp)
<images/Usuarioslocales_clavesssh.png>
File: images/ssh.png Graphic file (type bmp)
<images/ssh.png>


[4]
File: images/acl.png Graphic file (type bmp)
<images/acl.png>
File: images/ssh_vty.png Graphic file (type bmp)
<images/ssh_vty.png>
File: images/al_prueba_autenticacion.png Graphic file (type bmp)
<images/al_prueba_autenticacion.png>


[5]
File: images/configuracion aaa.png Graphic file (type bmp)
<images/configuracion aaa.png>


[6]

[7]
File: images/mac_table.png Graphic file (type bmp)
<images/mac_table.png>
File: images/macof_attack.png Graphic file (type bmp)
<images/macof_attack.png>
File: images/camtable1.png Graphic file (type bmp)
<images/camtable1.png>


[8]

[9]
File: images/stp_attack.png Graphic file (type bmp)
<images/stp_attack.png>
File: images/stp_attack_AL.png Graphic file (type bmp)
<images/stp_attack_AL.png>
File: images/stp_return_to_normal.png Graphic file (type bmp)
<images/stp_return_to_normal.png>


[10]
File: images/cpd_attack_kali.png Graphic file (type bmp)
<images/cpd_attack_kali.png>
File: images/cpd_attack_putty.png Graphic file (type bmp)
<images/cpd_attack_putty.png>
File: images/dtp_kali.png Graphic file (type bmp)
<images/dtp_kali.png>


[11]
File: images/dtp_ataque_wireshark.png Graphic file (type bmp)
<images/dtp_ataque_wireshark.png>
File: images/dtp_putty.png Graphic file (type bmp)
<images/dtp_putty.png>


[12]
File: images/mitm_1.png Graphic file (type bmp)
<images/mitm_1.png>
File: images/mitm_2.png Graphic file (type bmp)
<images/mitm_2.png>
File: images/mitm_3.png Graphic file (type bmp)
<images/mitm_3.png>


[13]
File: images/LAB7_DHCP/1-conexion_DHCP.png Graphic file (type bmp)
<images/LAB7_DHCP/1-conexion_DHCP.png>
File: images/LAB7_DHCP/2-Arreglo_ip_DHCP.png Graphic file (type bmp)
<images/LAB7_DHCP/2-Arreglo_ip_DHCP.png>
File: images/LAB7_DHCP/3-subnet_inicial_DHCP.png Graphic file (type bmp)
<images/LAB7_DHCP/3-subnet_inicial_DHCP.png>


[14]
File: images/LAB7_DHCP/4-interfaz_eth0_DHCP.png Graphic file (type bmp)
<images/LAB7_DHCP/4-interfaz_eth0_DHCP.png>


[15]
File: images/LAB7_DHCP/5-config_helpers.png Graphic file (type bmp)
<images/LAB7_DHCP/5-config_helpers.png>
File: images/LAB7_DHCP/6-Ataque_dhcp_starvation.png Graphic file (type bmp)
<images/LAB7_DHCP/6-Ataque_dhcp_starvation.png>


[16]
File: images/LAB7_DHCP/7-Tabla_MAC_post_dhcp.png Graphic file (type bmp)
<images/LAB7_DHCP/7-Tabla_MAC_post_dhcp.png>
File: images/LAB7_DHCP/8-Tabla_CountMAC_post_dhcp.png Graphic file (type bmp)
<images/LAB7_DHCP/8-Tabla_CountMAC_post_dhcp.png>


[17]
File: images/LAB7_DHCP/9-Comando_limpiar_tabla.png Graphic file (type bmp)
<images/LAB7_DHCP/9-Comando_limpiar_tabla.png>
File: images/LAB7_DHCP/10-Tabla_MAC_limpia_dhcp.png Graphic file (type bmp)
<images/LAB7_DHCP/10-Tabla_MAC_limpia_dhcp.png>


[18]
File: images/LAB7_DHCP/11-Tabla_CountMAC_limpia_dhcp.png Graphic file (type bmp
)
<images/LAB7_DHCP/11-Tabla_CountMAC_limpia_dhcp.png>
File: images/LAB7_DHCP/12-cambio_configuracion_DHCP_server.png Graphic file (ty
pe bmp)
<images/LAB7_DHCP/12-cambio_configuracion_DHCP_server.png>


[19]
File: images/LAB7_DHCP/13-Comandos_forwading_DHCP.png Graphic file (type bmp)
<images/LAB7_DHCP/13-Comandos_forwading_DHCP.png>
File: images/LAB7_DHCP/14-comprobacion_forwading_DHCP.png Graphic file (type bm
p)
<images/LAB7_DHCP/14-comprobacion_forwading_DHCP.png>


[20]
File: images/LAB7_DHCP/15-iptables_servidor_DHCP.png Graphic file (type bmp)
<images/LAB7_DHCP/15-iptables_servidor_DHCP.png>
File: images/LAB7_DHCP/16-forwading-mim_DHCP.png Graphic file (type bmp)
<images/LAB7_DHCP/16-forwading-mim_DHCP.png>
File: images/LAB7_DHCP/17-Conexion_DHCP_servidor.png Graphic file (type bmp)
<images/LAB7_DHCP/17-Conexion_DHCP_servidor.png>
File: images/LAB7_DHCP/18-DHCP_spoofing_servidot.png Graphic file (type bmp)
<images/LAB7_DHCP/18-DHCP_spoofing_servidot.png>


[21]
File: images/LAB7_DHCP/19-DHCP_Traceroute_servidor.png Graphic file (type bmp)
<images/LAB7_DHCP/19-DHCP_Traceroute_servidor.png>
File: images/limitacion_MAC_AL.png Graphic file (type bmp)
<images/limitacion_MAC_AL.png>


[22]
LaTeX Font Info:    Trying to load font information for T1+lmtt on input line 5
67.
 (C:\Users\brais\AppData\Local\Programs\MiKTeX\tex/latex/lm\t1lmtt.fd
File: t1lmtt.fd 2015/05/01 v1.6.1 Font defs for Latin Modern
)

[23]
File: images/DPT_secure_AL.png Graphic file (type bmp)
<images/DPT_secure_AL.png>
File: images/VLAN_hopping_protection.png Graphic file (type bmp)
<images/VLAN_hopping_protection.png>


[24]
File: images/VLAN_BLACKHOLE.png Graphic file (type bmp)
<images/VLAN_BLACKHOLE.png>


[25]
File: images/fortificacion_stp_AL.png Graphic file (type bmp)
<images/fortificacion_stp_AL.png>
File: images/conf STP DL.png Graphic file (type bmp)
<images/conf STP DL.png>
File: images/Ip_arp_inspection_0.png Graphic file (type bmp)
<images/Ip_arp_inspection_0.png>


[26]
File: images/AL_arp_inspection.png Graphic file (type bmp)
<images/AL_arp_inspection.png>


[27]

[28]

[29]

[30]

[31]

[32]

[33]

[34]

[35]

[36]

[37]

[38]

[39]

[40]

[41] (munics-doc.aux
LaTeX Info: Redefining \. on input line 12.
LaTeX Info: Redefining \% on input line 12.
)
 ***********
LaTeX2e <2025-06-01>
L3 programming layer <2025-05-26>
 ***********


LaTeX Warning: There were multiply-defined labels.

 ) 
Here is how much of TeX's memory you used:
 17559 strings out of 403341
 310077 string characters out of 5463121
 1256677 words of memory out of 5000000
 45629 multiletter control sequences out of 15000+600000
 659727 words of font info for 67 fonts, out of 8000000 for 9000
 1348 hyphenation exceptions out of 8191
 127i,8n,124p,10952b,1961s stack positions out of 10000i,1000n,20000p,200000b,200000s

Output written on munics-doc.pdf (41 pages).
